0 info it worked if it ends with ok
1 verbose cli [ '/usr/local/bin/node',
1 verbose cli   '/usr/local/lib/node_modules/npm/bin/npm-cli.js',
1 verbose cli   'run',
1 verbose cli   'start',
1 verbose cli   '--scripts-prepend-node-path' ]
2 info using npm@3.10.8
3 info using node@v6.9.1
4 verbose run-script [ 'prestart', 'start', 'poststart' ]
5 info lifecycle react-boilerplate-3@1.0.0~prestart: react-boilerplate-3@1.0.0
6 silly lifecycle react-boilerplate-3@1.0.0~prestart: no script for prestart, continuing
7 info lifecycle react-boilerplate-3@1.0.0~start: react-boilerplate-3@1.0.0
8 verbose lifecycle react-boilerplate-3@1.0.0~start: unsafe-perm in lifecycle true
9 verbose lifecycle react-boilerplate-3@1.0.0~start: PATH: /usr/local/lib/node_modules/npm/bin/node-gyp-bin:/Users/daryna/Documents/programming/react-boilerplate-3/node_modules/.bin:/usr/bin:/bin:/usr/sbin:/sbin:/usr/local/bin:/opt/X11/bin
10 verbose lifecycle react-boilerplate-3@1.0.0~start: CWD: /Users/daryna/Documents/programming/react-boilerplate-3
11 silly lifecycle react-boilerplate-3@1.0.0~start: Args: [ '-c', 'webpack-dev-server' ]
12 info lifecycle react-boilerplate-3@1.0.0~start: Failed to exec start script
13 verbose stack Error: react-boilerplate-3@1.0.0 start: `webpack-dev-server`
13 verbose stack spawn ENOENT
13 verbose stack     at ChildProcess.<anonymous> (/usr/local/lib/node_modules/npm/lib/utils/spawn.js:33:16)
13 verbose stack     at emitTwo (events.js:106:13)
13 verbose stack     at ChildProcess.emit (events.js:191:7)
13 verbose stack     at maybeClose (internal/child_process.js:877:16)
13 verbose stack     at Process.ChildProcess._handle.onexit (internal/child_process.js:226:5)
14 verbose pkgid react-boilerplate-3@1.0.0
15 verbose cwd /Users/daryna/Documents/programming/react-boilerplate-3
16 error Darwin 16.5.0
17 error argv "/usr/local/bin/node" "/usr/local/lib/node_modules/npm/bin/npm-cli.js" "run" "start" "--scripts-prepend-node-path"
18 error node v6.9.1
19 error npm  v3.10.8
20 error file sh
21 error code ELIFECYCLE
22 error errno ENOENT
23 error syscall spawn
24 error react-boilerplate-3@1.0.0 start: `webpack-dev-server`
24 error spawn ENOENT
25 error Failed at the react-boilerplate-3@1.0.0 start script 'webpack-dev-server'.
25 error Make sure you have the latest version of node.js and npm installed.
25 error If you do, this is most likely a problem with the react-boilerplate-3 package,
25 error not with npm itself.
25 error Tell the author that this fails on your system:
25 error     webpack-dev-server
25 error You can get information on how to open an issue for this project with:
25 error     npm bugs react-boilerplate-3
25 error Or if that isn't available, you can get their info via:
25 error     npm owner ls react-boilerplate-3
25 error There is likely additional logging output above.
26 verbose exit [ 1, true ]
